{
  "stats": {
    "suites": 1,
    "tests": 1,
    "passes": 1,
    "pending": 0,
    "failures": 0,
    "start": "2022-09-17T09:06:38.906Z",
    "end": "2022-09-17T09:06:51.767Z",
    "duration": 12861,
    "testsRegistered": 1,
    "passPercent": 100,
    "pendingPercent": 0,
    "other": 0,
    "hasOther": false,
    "skipped": 0,
    "hasSkipped": false
  },
  "results": [
    {
      "uuid": "fd921f51-dcb2-4fa5-b969-0ba5d78552d1",
      "title": "",
      "fullFile": "cypress\\integration\\example\\test8Framework.js",
      "file": "cypress\\integration\\example\\test8Framework.js",
      "beforeHooks": [],
      "afterHooks": [],
      "tests": [],
      "suites": [
        {
          "uuid": "4893ceb0-cab7-44eb-a40e-ed896f455292",
          "title": "My framework test suite",
          "fullFile": "",
          "file": "",
          "beforeHooks": [],
          "afterHooks": [],
          "tests": [
            {
              "title": "My framework test case ",
              "fullTitle": "My framework test suite My framework test case ",
              "timedOut": null,
              "duration": 10309,
              "state": "passed",
              "speed": "slow",
              "pass": true,
              "fail": false,
              "pending": false,
              "context": null,
              "code": "const homePage = new _homePage.default();\ncy.visit(Cypress.env('url')); // cy.get(':nth-child(1) > .form-control').type(this.data.name)\nhomePage.getEditBox().type(this.data.name); // cy.get('select').select(this.data.gender)\nhomePage.getGender().select(this.data.gender); // cy.get(':nth-child(4) > .ng-pristine').should('have.value',this.data.name)\nhomePage.getTowWayDataFinding().should('have.value', this.data.name); // cy.get('input[name= \"name\"]:nth-child(2)').should('have.attr','minlength','2')\nhomePage.getEditBox().should('have.attr', 'minlength', '2'); // cy.get('#inlineRadio3').should('be.disabled')\nhomePage.getEntrepreneaur().should('be.disabled'); // cy.get(':nth-child(2) > .nav-link').click()\nhomePage.getShopTab().click();\nthis.data.productName.forEach(function (element) {\n  cy.selectProduct(element);\n});\ncy.get('#navbarResponsive > .navbar-nav > .nav-item > .nav-link').click();\nvar sum = 0;\ncy.get('tr td:nth-child(4) strong').each(($el, index, $list) => {\n  const amount = $el.text();\n  var res = amount.split(\" \");\n  res = res[1].trim();\n  sum = Number(sum) + Number(res);\n}).then(function () {\n  cy.log(sum);\n});\ncy.get('h3 strong').then(function (element) {\n  const amount = element.text();\n  var res = amount.split(\" \");\n  var total = res[1].trim();\n  expect(Number(total)).to.equal(sum);\n});\ncy.get(':nth-child(4) > :nth-child(5) > .btn').click();\ncy.get('#country').type('India');\ncy.get('.suggestions > ul > li > a').click();\ncy.get('.checkbox > label').click({\n  force: true\n});\ncy.get('.ng-untouched > .btn').click(); //   cy.get('.alert').should('have.text','Thank you! Your order will be delivered in next few weeks :-). ')\ncy.get('.alert').then(function (element) {\n  const actualText = element.text();\n  expect(actualText.includes(\"Success\")).to.be.true;\n});",
              "err": {},
              "uuid": "f175b998-6884-4e92-8bb3-1f4f274e1a44",
              "parentUUID": "4893ceb0-cab7-44eb-a40e-ed896f455292",
              "isHook": false,
              "skipped": false
            }
          ],
          "suites": [],
          "passes": [
            "f175b998-6884-4e92-8bb3-1f4f274e1a44"
          ],
          "failures": [],
          "pending": [],
          "skipped": [],
          "duration": 10309,
          "root": false,
          "rootEmpty": false,
          "_timeout": 2000
        }
      ],
      "passes": [],
      "failures": [],
      "pending": [],
      "skipped": [],
      "duration": 0,
      "root": true,
      "rootEmpty": true,
      "_timeout": 2000
    }
  ],
  "meta": {
    "mocha": {
      "version": "7.0.1"
    },
    "mochawesome": {
      "options": {
        "quiet": false,
        "reportFilename": "mochawesome",
        "saveHtml": true,
        "saveJson": true,
        "consoleReporter": "spec",
        "useInlineDiffs": false,
        "code": true
      },
      "version": "7.1.3"
    },
    "marge": {
      "options": null,
      "version": "6.2.0"
    }
  }
}